{"/home/roberta/Área de Trabalho/laboratoria/SAP005-data-lovers/src/data.js": {"path":"/home/roberta/Área de Trabalho/laboratoria/SAP005-data-lovers/src/data.js","statementMap":{"0":{"start":{"line":1,"column":16},"end":{"line":36,"column":1}},"1":{"start":{"line":3,"column":25},"end":{"line":3,"column":37}},"2":{"start":{"line":4,"column":16},"end":{"line":4,"column":63}},"3":{"start":{"line":4,"column":41},"end":{"line":4,"column":62}},"4":{"start":{"line":6,"column":4},"end":{"line":10,"column":5}},"5":{"start":{"line":7,"column":6},"end":{"line":7,"column":20}},"6":{"start":{"line":9,"column":6},"end":{"line":9,"column":47}},"7":{"start":{"line":13,"column":25},"end":{"line":13,"column":37}},"8":{"start":{"line":14,"column":22},"end":{"line":14,"column":83}},"9":{"start":{"line":14,"column":47},"end":{"line":14,"column":82}},"10":{"start":{"line":15,"column":4},"end":{"line":15,"column":22}},"11":{"start":{"line":18,"column":28},"end":{"line":18,"column":45}},"12":{"start":{"line":19,"column":25},"end":{"line":19,"column":37}},"13":{"start":{"line":20,"column":26},"end":{"line":20,"column":45}},"14":{"start":{"line":21,"column":27},"end":{"line":21,"column":66}},"15":{"start":{"line":22,"column":4},"end":{"line":22,"column":38}},"16":{"start":{"line":25,"column":4},"end":{"line":33,"column":5}},"17":{"start":{"line":26,"column":6},"end":{"line":28,"column":8}},"18":{"start":{"line":27,"column":8},"end":{"line":27,"column":43}},"19":{"start":{"line":30,"column":6},"end":{"line":32,"column":8}},"20":{"start":{"line":31,"column":8},"end":{"line":31,"column":43}},"21":{"start":{"line":34,"column":4},"end":{"line":34,"column":19}}},"fnMap":{"0":{"name":"(anonymous_0)","decl":{"start":{"line":2,"column":2},"end":{"line":2,"column":3}},"loc":{"start":{"line":2,"column":37},"end":{"line":11,"column":3}},"line":2},"1":{"name":"(anonymous_1)","decl":{"start":{"line":4,"column":36},"end":{"line":4,"column":37}},"loc":{"start":{"line":4,"column":41},"end":{"line":4,"column":62}},"line":4},"2":{"name":"(anonymous_2)","decl":{"start":{"line":12,"column":2},"end":{"line":12,"column":3}},"loc":{"start":{"line":12,"column":25},"end":{"line":16,"column":3}},"line":12},"3":{"name":"(anonymous_3)","decl":{"start":{"line":14,"column":42},"end":{"line":14,"column":43}},"loc":{"start":{"line":14,"column":47},"end":{"line":14,"column":82}},"line":14},"4":{"name":"(anonymous_4)","decl":{"start":{"line":17,"column":2},"end":{"line":17,"column":3}},"loc":{"start":{"line":17,"column":36},"end":{"line":23,"column":3}},"line":17},"5":{"name":"(anonymous_5)","decl":{"start":{"line":24,"column":2},"end":{"line":24,"column":3}},"loc":{"start":{"line":24,"column":39},"end":{"line":35,"column":3}},"line":24},"6":{"name":"(anonymous_6)","decl":{"start":{"line":26,"column":31},"end":{"line":26,"column":32}},"loc":{"start":{"line":26,"column":47},"end":{"line":28,"column":7}},"line":26},"7":{"name":"(anonymous_7)","decl":{"start":{"line":30,"column":31},"end":{"line":30,"column":32}},"loc":{"start":{"line":30,"column":47},"end":{"line":32,"column":7}},"line":30}},"branchMap":{"0":{"loc":{"start":{"line":6,"column":4},"end":{"line":10,"column":5}},"type":"if","locations":[{"start":{"line":6,"column":4},"end":{"line":10,"column":5}},{"start":{"line":6,"column":4},"end":{"line":10,"column":5}}],"line":6},"1":{"loc":{"start":{"line":25,"column":4},"end":{"line":33,"column":5}},"type":"if","locations":[{"start":{"line":25,"column":4},"end":{"line":33,"column":5}},{"start":{"line":25,"column":4},"end":{"line":33,"column":5}}],"line":25}},"s":{"0":1,"1":2,"2":2,"3":502,"4":2,"5":1,"6":1,"7":1,"8":1,"9":251,"10":1,"11":1,"12":1,"13":1,"14":1,"15":1,"16":2,"17":1,"18":1916,"19":1,"20":2020,"21":2},"f":{"0":2,"1":502,"2":1,"3":251,"4":1,"5":2,"6":1916,"7":2020},"b":{"0":[1,1],"1":[1,1]},"_coverageSchema":"1a1c01bbd47fc00a2c39e90264f33305004495a9","hash":"ebad96af973a576b14c05de416a951c84f390a51"}
,"/home/roberta/Área de Trabalho/laboratoria/SAP005-data-lovers/src/data/pokemon/pokemon.js": {"path":"/home/roberta/Área de Trabalho/laboratoria/SAP005-data-lovers/src/data/pokemon/pokemon.js","statementMap":{},"fnMap":{},"branchMap":{},"s":{},"f":{},"b":{},"_coverageSchema":"1a1c01bbd47fc00a2c39e90264f33305004495a9","hash":"3326f7fe122742bab3a3baf8d9228b891e37073e"}
,"/home/roberta/Área de Trabalho/laboratoria/SAP005-data-lovers/test/tests_const.js": {"path":"/home/roberta/Área de Trabalho/laboratoria/SAP005-data-lovers/test/tests_const.js","statementMap":{"0":{"start":{"line":1,"column":24},"end":{"line":100,"column":3}},"1":{"start":{"line":101,"column":20},"end":{"line":865,"column":3}},"2":{"start":{"line":866,"column":25},"end":{"line":25450,"column":3}},"3":{"start":{"line":25451,"column":27},"end":{"line":50035,"column":3}}},"fnMap":{},"branchMap":{},"s":{"0":1,"1":1,"2":1,"3":1},"f":{},"b":{},"_coverageSchema":"1a1c01bbd47fc00a2c39e90264f33305004495a9","hash":"140c2c2d419585969e882c64d83277590ecb3606"}
}
