TN:
SF:src/data.js
FN:2,(anonymous_0)
FN:4,(anonymous_1)
FN:12,(anonymous_2)
FN:14,(anonymous_3)
FN:17,(anonymous_4)
FN:24,(anonymous_5)
FN:26,(anonymous_6)
FN:30,(anonymous_7)
FNF:8
FNH:8
FNDA:2,(anonymous_0)
FNDA:502,(anonymous_1)
FNDA:1,(anonymous_2)
FNDA:251,(anonymous_3)
FNDA:1,(anonymous_4)
FNDA:2,(anonymous_5)
FNDA:1916,(anonymous_6)
FNDA:2020,(anonymous_7)
DA:1,1
DA:3,2
DA:4,502
DA:6,2
DA:7,1
DA:9,1
DA:13,1
DA:14,251
DA:15,1
DA:18,1
DA:19,1
DA:20,1
DA:21,1
DA:22,1
DA:25,2
DA:26,1
DA:27,1916
DA:30,1
DA:31,2020
DA:34,2
LF:20
LH:20
BRDA:6,0,0,1
BRDA:6,0,1,1
BRDA:25,1,0,1
BRDA:25,1,1,1
BRF:4
BRH:4
end_of_record
TN:
SF:src/data/pokemon/pokemon.js
FNF:0
FNH:0
LF:0
LH:0
BRF:0
BRH:0
end_of_record
TN:
SF:test/tests_const.js
FNF:0
FNH:0
DA:1,1
DA:101,1
DA:866,1
DA:25451,1
LF:4
LH:4
BRF:0
BRH:0
end_of_record
